2023-08-16 14:29:22; 0.0; LGSTRT; Reset log (scenario, username); Scenario 1; + 
2023-08-16 14:29:24; 0.0; SIMST; Simulation started
2023-08-16 14:29:25; 5.000000000000002; AUTRN; Autorun of model;
2023-08-16 14:29:25; 5.000000000000002; MDSTO; Model starting on the current number of agents (#); 5
2023-08-16 14:29:25; 5.000000000000002; MDSTU; Model starting at 1 under the current number of agents;
2023-08-16 14:29:25; 5.000000000000002; MDSTV; Model starting at 1 over the current number of agents;
2023-08-16 14:29:29; 21.599999999999955; MDDNU; Model done at 1 under the current number of agents in time (result, elapsed time); 3005.0; 3.8885773
2023-08-16 14:29:29; 25.199999999999942; ASGN; Agent assigned to task (agentId, taskId); UAV-1; Task-4 
2023-08-16 14:29:29; 25.199999999999942; ASGN; Agent assigned to task (agentId, taskId); UAV-2; Task-1 
2023-08-16 14:29:29; 25.199999999999942; ASGN; Agent assigned to task (agentId, taskId); UAV-3; Task-2 
2023-08-16 14:29:29; 25.199999999999942; ASGN; Agent assigned to task (agentId, taskId); UAV-4; Task-5 
2023-08-16 14:29:30; 27.399999999999935; MDDNO; Model done on the current number of agents in time (result, elapsed time); 3005.0; 5.2397488
2023-08-16 14:29:30; 27.799999999999933; SPWN; Hub spawed an agent - now there are (numAgents); 5 
2023-08-16 14:29:30; 27.799999999999933; MDSTU; Model starting at 1 under the current number of agents;
2023-08-16 14:29:30; 27.799999999999933; MDSTV; Model starting at 1 over the current number of agents;
2023-08-16 14:29:30; 27.799999999999933; MDSTO; Model starting on the current number of agents (#); 6
2023-08-16 14:29:30; 27.999999999999932; ASGN; Agent assigned to task (agentId, taskId); UAV-5; Task-6 
2023-08-16 14:29:31; 31.39999999999992; ASGN; Agent assigned to task (agentId, taskId); UAV-6; Task-3 
2023-08-16 14:29:31; 31.39999999999992; SPWN; Hub spawed an agent - now there are (numAgents); 6 
2023-08-16 14:29:31; 31.39999999999992; MDSTV; Model starting at 1 over the current number of agents;
2023-08-16 14:29:31; 31.39999999999992; MDSTO; Model starting on the current number of agents (#); 7
2023-08-16 14:29:31; 31.39999999999992; MDSTU; Model starting at 1 under the current number of agents;
